<?xml version="1.0" encoding="UTF-8"?><testsuite errors="0" failures="0" name="com.petstore.testsuite.PetCRUDTest" skipped="0" tests="4" time="9.48" timestamp="2023-01-03T22:52:03.767Z[Europe/London]"><testcase classname="com.petstore.testsuite.PetCRUDTest" name="This will add a new pet information"/><testcase classname="com.petstore.testsuite.PetCRUDTest" name="This will find newly added pet information by petID"/><testcase classname="com.petstore.testsuite.PetCRUDTest" name="This will update newly added pet information"/><testcase classname="com.petstore.testsuite.PetCRUDTest" name="Deleting pet info and verifying pet info is delted"/></testsuite>